<?xml version="1.0" encoding="UTF-8"?>
<!-- Generated by org.testng.reporters.JUnitReportReporter -->
<testsuite hostname="LAPTOP-FLCEJUMH" failures="0" tests="1" name="CreateNewView" time="31.204" errors="0" timestamp="2023-08-24T14:32:13 GMT-07:00" skipped="0">
  <testcase classname="CreateNewView" name="login" time="31.204"/>
</testsuite> <!-- CreateNewView -->
