<?xml version="1.0" encoding="UTF-8"?>
<!-- Generated by org.testng.reporters.JUnitReportReporter -->
<testsuite hostname="LAPTOP-FLCEJUMH" failures="0" tests="1" name="userMenuDropDownTests.MyProfileOptionTset" time="58.708" errors="0" timestamp="2023-08-27T12:58:34 GMT-07:00" skipped="0">
  <testcase classname="userMenuDropDownTests.MyProfileOptionTset" name="checkMyProfile" time="58.708"/>
</testsuite> <!-- userMenuDropDownTests.MyProfileOptionTset -->
