<?xml version="1.0" encoding="UTF-8"?>
<!-- Generated by org.testng.reporters.JUnitReportReporter -->
<testsuite hostname="LAPTOP-FLCEJUMH" failures="0" tests="1" name="DeveloperConsole" time="23.564" errors="0" timestamp="2023-08-23T22:32:55 GMT-07:00" skipped="0">
  <testcase classname="DeveloperConsole" name="login" time="23.564"/>
</testsuite> <!-- DeveloperConsole -->
