<?xml version="1.0" encoding="UTF-8"?>
<!-- Generated by org.testng.reporters.JUnitReportReporter -->
<testsuite hostname="LAPTOP-FLCEJUMH" failures="0" tests="1" name="MergeAccount" time="32.941" errors="0" timestamp="2023-08-24T23:23:28 GMT-07:00" skipped="0">
  <testcase classname="MergeAccount" name="login" time="32.941"/>
</testsuite> <!-- MergeAccount -->
