<?xml version="1.0" encoding="UTF-8"?>
<!-- Generated by org.testng.reporters.JUnitReportReporter -->
<testsuite hostname="LAPTOP-FLCEJUMH" failures="0" tests="1" name="userMenuDropDownTests.MySettingsOptionTest" time="67.895" errors="0" timestamp="2023-08-28T16:37:58 GMT-07:00" skipped="0">
  <testcase classname="userMenuDropDownTests.MySettingsOptionTest" name="checkMySettings" time="67.895"/>
</testsuite> <!-- userMenuDropDownTests.MySettingsOptionTest -->
