<?xml version="1.0" encoding="UTF-8"?>
<!-- Generated by org.testng.reporters.JUnitReportReporter -->
<testsuite hostname="LAPTOP-FLCEJUMH" failures="0" tests="1" name="AccountReport" time="49.097" errors="0" timestamp="2023-08-25T01:17:21 GMT-07:00" skipped="0">
  <testcase classname="AccountReport" name="login" time="49.097"/>
</testsuite> <!-- AccountReport -->
