<?xml version="1.0" encoding="UTF-8"?>
<!-- Generated by org.testng.reporters.JUnitReportReporter -->
<testsuite hostname="LAPTOP-FLCEJUMH" failures="0" tests="1" name="UserMenuDropDown" time="35.578" errors="0" timestamp="2023-08-21T21:05:48 GMT-07:00" skipped="0">
  <testcase classname="UserMenuDropDown" name="login" time="35.578"/>
</testsuite> <!-- UserMenuDropDown -->
