<?xml version="1.0" encoding="UTF-8"?>
<!-- Generated by org.testng.reporters.JUnitReportReporter -->
<testsuite hostname="LAPTOP-FLCEJUMH" failures="0" tests="1" name="LogOut" time="24.098" errors="0" timestamp="2023-08-23T22:41:33 GMT-07:00" skipped="0">
  <testcase classname="LogOut" name="login" time="24.098"/>
</testsuite> <!-- LogOut -->
