<?xml version="1.0" encoding="UTF-8"?>
<!-- Generated by org.testng.reporters.JUnitReportReporter -->
<testsuite hostname="LAPTOP-FLCEJUMH" failures="0" tests="1" name="EditNewView" time="42.452" errors="0" timestamp="2023-08-24T19:36:44 GMT-07:00" skipped="0">
  <testcase classname="EditNewView" name="login" time="42.452"/>
</testsuite> <!-- EditNewView -->
