<?xml version="1.0" encoding="UTF-8"?>
<!-- Generated by org.testng.reporters.JUnitReportReporter -->
<testsuite hostname="LAPTOP-FLCEJUMH" failures="0" tests="1" name="UserMenuDropDown" time="69.394" errors="0" timestamp="2023-08-22T07:50:40 GMT-07:00" skipped="0">
  <testcase classname="UserMenuDropDown" name="login" time="69.394"/>
</testsuite> <!-- UserMenuDropDown -->
