<?xml version="1.0" encoding="UTF-8"?>
<!-- Generated by org.testng.reporters.JUnitReportReporter -->
<testsuite hostname="LAPTOP-FLCEJUMH" failures="0" tests="1" name="userMenuDropDownTests.UserMenuDropDown" time="21.204" errors="0" timestamp="2023-08-27T12:28:33 GMT-07:00" skipped="0">
  <testcase classname="userMenuDropDownTests.UserMenuDropDown" name="dropDownMenus" time="21.204"/>
</testsuite> <!-- userMenuDropDownTests.UserMenuDropDown -->
