<?xml version="1.0" encoding="UTF-8"?>
<!-- Generated by org.testng.reporters.JUnitReportReporter -->
<testsuite hostname="LAPTOP-FLCEJUMH" failures="0" tests="1" name="accountsTests.EditNewView" time="45.488" errors="0" timestamp="2023-08-28T21:40:16 GMT-07:00" skipped="0">
  <testcase classname="accountsTests.EditNewView" name="editView" time="45.488"/>
</testsuite> <!-- accountsTests.EditNewView -->
