<?xml version="1.0" encoding="UTF-8"?>
<!-- Generated by org.testng.reporters.JUnitReportReporter -->
<testsuite hostname="LAPTOP-FLCEJUMH" failures="0" tests="1" name="ExtentReportDemo" time="1.566" errors="0" timestamp="2023-08-30T20:11:00 GMT-07:00" skipped="0">
  <testcase classname="ExtentReportDemo" name="createReport" time="1.566"/>
</testsuite> <!-- ExtentReportDemo -->
