<?xml version="1.0" encoding="UTF-8"?>
<!-- Generated by org.testng.reporters.JUnitReportReporter -->
<testsuite hostname="LAPTOP-FLCEJUMH" failures="0" tests="1" name="UserMenuDropDown2" time="56.883" errors="0" timestamp="2023-08-23T21:47:49 GMT-07:00" skipped="0">
  <testcase classname="UserMenuDropDown2" name="login" time="56.883"/>
</testsuite> <!-- UserMenuDropDown2 -->
