<?xml version="1.0" encoding="UTF-8"?>
<!-- Generated by org.testng.reporters.JUnitReportReporter -->
<testsuite hostname="LAPTOP-FLCEJUMH" failures="0" tests="1" name="accountsTests.CreateNewView" time="25.627" errors="0" timestamp="2023-08-28T18:58:06 GMT-07:00" skipped="0">
  <testcase classname="accountsTests.CreateNewView" name="login" time="25.627"/>
</testsuite> <!-- accountsTests.CreateNewView -->
