<?xml version="1.0" encoding="UTF-8"?>
<!-- Generated by org.testng.reporters.JUnitReportReporter -->
<testsuite hostname="LAPTOP-FLCEJUMH" failures="0" tests="1" name="LaunchPage" time="14.043" errors="0" timestamp="2023-08-18T15:58:30 GMT-07:00" skipped="0">
  <testcase classname="LaunchPage" name="launch" time="14.043"/>
</testsuite> <!-- LaunchPage -->
