<?xml version="1.0" encoding="UTF-8"?>
<!-- Generated by org.testng.reporters.JUnitReportReporter -->
<testsuite hostname="LAPTOP-FLCEJUMH" failures="0" tests="5" name="LoginToSalesForce" time="15.443" errors="0" timestamp="2023-08-18T21:05:10 GMT-07:00" skipped="3">
  <testcase classname="LoginToSalesForce" name="forgotPassword" time="5.366"/>
  <testcase classname="LoginToSalesForce" name="forgotUnamePass" time="10.077"/>
  <testcase classname="LoginToSalesForce" name="checkRememberMe">
    <skipped/>
  </testcase> <!-- checkRememberMe -->
  <testcase classname="LoginToSalesForce" name="login">
    <skipped/>
  </testcase> <!-- login -->
  <testcase classname="LoginToSalesForce" name="loginErrorMessage">
    <skipped/>
  </testcase> <!-- loginErrorMessage -->
</testsuite> <!-- LoginToSalesForce -->
