<?xml version="1.0" encoding="UTF-8"?>
<!-- Generated by org.testng.reporters.JUnitReportReporter -->
<testsuite hostname="LAPTOP-FLCEJUMH" failures="0" tests="1" name="accountsTests.AccountReport" time="50.356" errors="0" timestamp="2023-08-28T23:09:32 GMT-07:00" skipped="0">
  <testcase classname="accountsTests.AccountReport" name="createAccountReport" time="50.356"/>
</testsuite> <!-- accountsTests.AccountReport -->
