<?xml version="1.0" encoding="UTF-8"?>
<!-- Generated by org.testng.reporters.JUnitReportReporter -->
<testsuite hostname="LAPTOP-FLCEJUMH" failures="0" tests="1" name="UserMenuDropDown1" time="68.322" errors="0" timestamp="2023-08-25T08:01:45 GMT-07:00" skipped="0">
  <testcase classname="UserMenuDropDown1" name="login" time="68.322"/>
</testsuite> <!-- UserMenuDropDown1 -->
