<?xml version="1.0" encoding="UTF-8"?>
<!-- Generated by org.testng.reporters.JUnitReportReporter -->
<testsuite hostname="LAPTOP-FLCEJUMH" failures="0" tests="1" name="accountsTests.CreateAccount" time="37.339" errors="0" timestamp="2023-08-28T18:24:54 GMT-07:00" skipped="0">
  <testcase classname="accountsTests.CreateAccount" name="createUserAccount" time="37.339"/>
</testsuite> <!-- accountsTests.CreateAccount -->
