<?xml version="1.0" encoding="UTF-8"?>
<!-- Generated by org.testng.reporters.JUnitReportReporter -->
<testsuite hostname="LAPTOP-FLCEJUMH" failures="0" tests="1" name="CreateAccount" time="35.634" errors="0" timestamp="2023-08-23T23:41:56 GMT-07:00" skipped="0">
  <testcase classname="CreateAccount" name="login" time="35.634"/>
</testsuite> <!-- CreateAccount -->
